<?xml version="1.0" encoding="UTF-8"?>
<testsuite xmlns:xsi="http://www.w3.org/2001/XMLSchema-instance" xsi:noNamespaceSchemaLocation="https://maven.apache.org/surefire/maven-surefire-plugin/xsd/surefire-test-report-3.0.xsd" version="3.0" name="units.TemperatureTest" time="0.007" tests="6" errors="0" skipped="0" failures="0">
  <properties>
[...]
</properties>
  <testcase name="testConversaoKelvin" classname="units.TemperatureTest" time="0.0"/>
  <testcase name="testConversaoNewton" classname="units.TemperatureTest" time="0.0"/>
  <testcase name="testConversaoCelsius" classname="units.TemperatureTest" time="0.0"/>
  <testcase name="testConversaoRankine" classname="units.TemperatureTest" time="0.0"/>
  <testcase name="testConversaoReaumur" classname="units.TemperatureTest" time="0.0"/>
  <testcase name="testConversaoFahrenheit" classname="units.TemperatureTest" time="0.0"/>
</testsuite>